This is pdfTeX, Version 3.14159265-2.6-1.40.18 (TeX Live 2017/Debian) (preloaded format=pdflatex 2018.1.22)  8 FEB 2018 11:29
entering extended mode
 restricted \write18 enabled.
 %&-line parsing enabled.
**prospectus.tex
(./prospectus.tex
LaTeX2e <2017-04-15>
Babel <3.12> and hyphenation patterns for 84 language(s) loaded.
(/usr/share/texlive/texmf-dist/tex/latex/base/article.cls
Document Class: article 2014/09/29 v1.4h Standard LaTeX document class
(/usr/share/texlive/texmf-dist/tex/latex/base/size10.clo
File: size10.clo 2014/09/29 v1.4h Standard LaTeX file (size option)
)
\c@part=\count79
\c@section=\count80
\c@subsection=\count81
\c@subsubsection=\count82
\c@paragraph=\count83
\c@subparagraph=\count84
\c@figure=\count85
\c@table=\count86
\abovecaptionskip=\skip41
\belowcaptionskip=\skip42
\bibindent=\dimen102
)
(/usr/share/texlive/texmf-dist/tex/latex/geometry/geometry.sty
Package: geometry 2010/09/12 v5.6 Page Geometry

(/usr/share/texlive/texmf-dist/tex/latex/graphics/keyval.sty
Package: keyval 2014/10/28 v1.15 key=value parser (DPC)
\KV@toks@=\toks14
)
(/usr/share/texlive/texmf-dist/tex/generic/oberdiek/ifpdf.sty
Package: ifpdf 2017/03/15 v3.2 Provides the ifpdf switch
)
(/usr/share/texlive/texmf-dist/tex/generic/oberdiek/ifvtex.sty
Package: ifvtex 2016/05/16 v1.6 Detect VTeX and its facilities (HO)
Package ifvtex Info: VTeX not detected.
)
(/usr/share/texlive/texmf-dist/tex/generic/ifxetex/ifxetex.sty
Package: ifxetex 2010/09/12 v0.6 Provides ifxetex conditional
)
\Gm@cnth=\count87
\Gm@cntv=\count88
\c@Gm@tempcnt=\count89
\Gm@bindingoffset=\dimen103
\Gm@wd@mp=\dimen104
\Gm@odd@mp=\dimen105
\Gm@even@mp=\dimen106
\Gm@layoutwidth=\dimen107
\Gm@layoutheight=\dimen108
\Gm@layouthoffset=\dimen109
\Gm@layoutvoffset=\dimen110
\Gm@dimlist=\toks15
)
(/usr/share/texlive/texmf-dist/tex/latex/fancyhdr/fancyhdr.sty
Package: fancyhdr 2017/06/30 v3.9a Extensive control of page headers and footer
s
\f@nch@headwidth=\skip43
\f@nch@O@elh=\skip44
\f@nch@O@erh=\skip45
\f@nch@O@olh=\skip46
\f@nch@O@orh=\skip47
\f@nch@O@elf=\skip48
\f@nch@O@erf=\skip49
\f@nch@O@olf=\skip50
\f@nch@O@orf=\skip51
)
(/usr/share/texlive/texmf-dist/tex/latex/natbib/natbib.sty
Package: natbib 2010/09/13 8.31b (PWD, AO)
\bibhang=\skip52
\bibsep=\skip53
LaTeX Info: Redefining \cite on input line 694.
\c@NAT@ctr=\count90
)
(/usr/share/texlive/texmf-dist/tex/latex/graphics/graphicx.sty
Package: graphicx 2017/06/01 v1.1a Enhanced LaTeX Graphics (DPC,SPQR)

(/usr/share/texlive/texmf-dist/tex/latex/graphics/graphics.sty
Package: graphics 2017/06/25 v1.2c Standard LaTeX Graphics (DPC,SPQR)

(/usr/share/texlive/texmf-dist/tex/latex/graphics/trig.sty
Package: trig 2016/01/03 v1.10 sin cos tan (DPC)
)
(/usr/share/texlive/texmf-dist/tex/latex/graphics-cfg/graphics.cfg
File: graphics.cfg 2016/06/04 v1.11 sample graphics configuration
)
Package graphics Info: Driver file: pdftex.def on input line 99.

(/usr/share/texlive/texmf-dist/tex/latex/graphics-def/pdftex.def
File: pdftex.def 2017/06/24 v1.0g Graphics/color driver for pdftex
))
\Gin@req@height=\dimen111
\Gin@req@width=\dimen112
)
(/usr/share/texlive/texmf-dist/tex/latex/booktabs/booktabs.sty
Package: booktabs 2016/04/27 v1.618033 publication quality tables
\heavyrulewidth=\dimen113
\lightrulewidth=\dimen114
\cmidrulewidth=\dimen115
\belowrulesep=\dimen116
\belowbottomsep=\dimen117
\aboverulesep=\dimen118
\abovetopsep=\dimen119
\cmidrulesep=\dimen120
\cmidrulekern=\dimen121
\defaultaddspace=\dimen122
\@cmidla=\count91
\@cmidlb=\count92
\@aboverulesep=\dimen123
\@belowrulesep=\dimen124
\@thisruleclass=\count93
\@lastruleclass=\count94
\@thisrulewidth=\dimen125
)
(/usr/share/texlive/texmf-dist/tex/latex/multirow/multirow.sty
Package: multirow 2016/11/25 v2.2 Span multiple rows of a table
\multirow@colwidth=\skip54
\multirow@cntb=\count95
\multirow@dima=\skip55
\bigstrutjot=\dimen126
)
(/usr/share/texlive/texmf-dist/tex/latex/adjustbox/adjustbox.sty
Package: adjustbox 2012/05/21 v1.0 Adjusting TeX boxes (trim, clip, ...)

(/usr/share/texlive/texmf-dist/tex/latex/xkeyval/xkeyval.sty
Package: xkeyval 2014/12/03 v2.7a package option processing (HA)

(/usr/share/texlive/texmf-dist/tex/generic/xkeyval/xkeyval.tex
(/usr/share/texlive/texmf-dist/tex/generic/xkeyval/xkvutils.tex
\XKV@toks=\toks16
\XKV@tempa@toks=\toks17
)
\XKV@depth=\count96
File: xkeyval.tex 2014/12/03 v2.7a key=value parser (HA)
))
(/usr/share/texlive/texmf-dist/tex/latex/adjustbox/adjcalc.sty
Package: adjcalc 2012/05/16 v1.1 Provides advanced setlength with multiple back
-ends (calc, etex, pgfmath)
)
(/usr/share/texlive/texmf-dist/tex/latex/adjustbox/trimclip.sty
Package: trimclip 2012/05/16 v1.0 Trim and clip general TeX material

(/usr/share/texlive/texmf-dist/tex/latex/collectbox/collectbox.sty
Package: collectbox 2012/05/17 v0.4b Collect macro arguments as boxes
\collectedbox=\box26
)
\tc@llx=\dimen127
\tc@lly=\dimen128
\tc@urx=\dimen129
\tc@ury=\dimen130
Package trimclip Info: Using driver 'tc-pdftex.def'.

(/usr/share/texlive/texmf-dist/tex/latex/adjustbox/tc-pdftex.def
File: tc-pdftex.def 2012/05/13 v1.0 Clipping driver for pdftex
))
\adjbox@Width=\dimen131
\adjbox@Height=\dimen132
\adjbox@Depth=\dimen133
\adjbox@Totalheight=\dimen134

(/usr/share/texlive/texmf-dist/tex/latex/ifoddpage/ifoddpage.sty
Package: ifoddpage 2016/04/23 v1.1 Conditionals for odd/even page detection
\c@checkoddpage=\count97
)
(/usr/share/texlive/texmf-dist/tex/latex/varwidth/varwidth.sty
Package: varwidth 2009/03/30 ver 0.92;  Variable-width minipages
\@vwid@box=\box27
\sift@deathcycles=\count98
\@vwid@loff=\dimen135
\@vwid@roff=\dimen136
))
(/usr/share/texlive/texmf-dist/tex/latex/amsmath/amsmath.sty
Package: amsmath 2016/11/05 v2.16a AMS math features
\@mathmargin=\skip56

For additional information on amsmath, use the `?' option.
(/usr/share/texlive/texmf-dist/tex/latex/amsmath/amstext.sty
Package: amstext 2000/06/29 v2.01 AMS text

(/usr/share/texlive/texmf-dist/tex/latex/amsmath/amsgen.sty
File: amsgen.sty 1999/11/30 v2.0 generic functions
\@emptytoks=\toks18
\ex@=\dimen137
))
(/usr/share/texlive/texmf-dist/tex/latex/amsmath/amsbsy.sty
Package: amsbsy 1999/11/29 v1.2d Bold Symbols
\pmbraise@=\dimen138
)
(/usr/share/texlive/texmf-dist/tex/latex/amsmath/amsopn.sty
Package: amsopn 2016/03/08 v2.02 operator names
)
\inf@bad=\count99
LaTeX Info: Redefining \frac on input line 213.
\uproot@=\count100
\leftroot@=\count101
LaTeX Info: Redefining \overline on input line 375.
\classnum@=\count102
\DOTSCASE@=\count103
LaTeX Info: Redefining \ldots on input line 472.
LaTeX Info: Redefining \dots on input line 475.
LaTeX Info: Redefining \cdots on input line 596.
\Mathstrutbox@=\box28
\strutbox@=\box29
\big@size=\dimen139
LaTeX Font Info:    Redeclaring font encoding OML on input line 712.
LaTeX Font Info:    Redeclaring font encoding OMS on input line 713.
\macc@depth=\count104
\c@MaxMatrixCols=\count105
\dotsspace@=\muskip10
\c@parentequation=\count106
\dspbrk@lvl=\count107
\tag@help=\toks19
\row@=\count108
\column@=\count109
\maxfields@=\count110
\andhelp@=\toks20
\eqnshift@=\dimen140
\alignsep@=\dimen141
\tagshift@=\dimen142
\tagwidth@=\dimen143
\totwidth@=\dimen144
\lineht@=\dimen145
\@envbody=\toks21
\multlinegap=\skip57
\multlinetaggap=\skip58
\mathdisplay@stack=\toks22
LaTeX Info: Redefining \[ on input line 2817.
LaTeX Info: Redefining \] on input line 2818.
)
(/usr/share/texlive/texmf-dist/tex/latex/algorithms/algorithm.sty
Package: algorithm 2009/08/24 v0.1 Document Style `algorithm' - floating enviro
nment

(/usr/share/texlive/texmf-dist/tex/latex/float/float.sty
Package: float 2001/11/08 v1.3d Float enhancements (AL)
\c@float@type=\count111
\float@exts=\toks23
\float@box=\box30
\@float@everytoks=\toks24
\@floatcapt=\box31
)
(/usr/share/texlive/texmf-dist/tex/latex/base/ifthen.sty
Package: ifthen 2014/09/29 v1.1c Standard LaTeX ifthen package (DPC)
)
\@float@every@algorithm=\toks25
\c@algorithm=\count112
)
(/usr/share/texlive/texmf-dist/tex/latex/algorithmicx/algpseudocode.sty
Package: algpseudocode 

(/usr/share/texlive/texmf-dist/tex/latex/algorithmicx/algorithmicx.sty
Package: algorithmicx 2005/04/27 v1.2 Algorithmicx

Document Style algorithmicx 1.2 - a greatly improved `algorithmic' style
\c@ALG@line=\count113
\c@ALG@rem=\count114
\c@ALG@nested=\count115
\ALG@tlm=\skip59
\ALG@thistlm=\skip60
\c@ALG@Lnr=\count116
\c@ALG@blocknr=\count117
\c@ALG@storecount=\count118
\c@ALG@tmpcounter=\count119
\ALG@tmplength=\skip61
)
Document Style - pseudocode environments for use with the `algorithmicx' style
) (./prospectus.aux

LaTeX Warning: Label `table:data' multiply defined.


LaTeX Warning: Label `table:data' multiply defined.

)
\openout1 = `prospectus.aux'.

LaTeX Font Info:    Checking defaults for OML/cmm/m/it on input line 20.
LaTeX Font Info:    ... okay on input line 20.
LaTeX Font Info:    Checking defaults for T1/cmr/m/n on input line 20.
LaTeX Font Info:    ... okay on input line 20.
LaTeX Font Info:    Checking defaults for OT1/cmr/m/n on input line 20.
LaTeX Font Info:    ... okay on input line 20.
LaTeX Font Info:    Checking defaults for OMS/cmsy/m/n on input line 20.
LaTeX Font Info:    ... okay on input line 20.
LaTeX Font Info:    Checking defaults for OMX/cmex/m/n on input line 20.
LaTeX Font Info:    ... okay on input line 20.
LaTeX Font Info:    Checking defaults for U/cmr/m/n on input line 20.
LaTeX Font Info:    ... okay on input line 20.

*geometry* driver: auto-detecting
*geometry* detected driver: pdftex
*geometry* verbose mode - [ preamble ] result:
* driver: pdftex
* paper: a4paper
* layout: <same size as paper>
* layoutoffset:(h,v)=(0.0pt,0.0pt)
* modes: 
* h-part:(L,W,R)=(90.3375pt, 416.83289pt, 90.3375pt)
* v-part:(T,H,B)=(90.3375pt, 664.37186pt, 90.3375pt)
* \paperwidth=597.50787pt
* \paperheight=845.04684pt
* \textwidth=416.83289pt
* \textheight=664.37186pt
* \oddsidemargin=18.0675pt
* \evensidemargin=18.0675pt
* \topmargin=-18.9325pt
* \headheight=12.0pt
* \headsep=25.0pt
* \topskip=10.0pt
* \footskip=30.0pt
* \marginparwidth=57.0pt
* \marginparsep=11.0pt
* \columnsep=10.0pt
* \skip\footins=9.0pt plus 4.0pt minus 2.0pt
* \hoffset=0.0pt
* \voffset=0.0pt
* \mag=1000
* \@twocolumnfalse
* \@twosidefalse
* \@mparswitchfalse
* \@reversemarginfalse
* (1in=72.27pt=25.4mm, 1cm=28.453pt)

(/usr/share/texlive/texmf-dist/tex/context/base/mkii/supp-pdf.mkii
[Loading MPS to PDF converter (version 2006.09.02).]
\scratchcounter=\count120
\scratchdimen=\dimen146
\scratchbox=\box32
\nofMPsegments=\count121
\nofMParguments=\count122
\everyMPshowfont=\toks26
\MPscratchCnt=\count123
\MPscratchDim=\dimen147
\MPnumerator=\count124
\makeMPintoPDFobject=\count125
\everyMPtoPDFconversion=\toks27
) (/usr/share/texlive/texmf-dist/tex/latex/oberdiek/epstopdf-base.sty
Package: epstopdf-base 2016/05/15 v2.6 Base part for package epstopdf

(/usr/share/texlive/texmf-dist/tex/generic/oberdiek/infwarerr.sty
Package: infwarerr 2016/05/16 v1.4 Providing info/warning/error messages (HO)
)
(/usr/share/texlive/texmf-dist/tex/latex/oberdiek/grfext.sty
Package: grfext 2016/05/16 v1.2 Manage graphics extensions (HO)

(/usr/share/texlive/texmf-dist/tex/generic/oberdiek/kvdefinekeys.sty
Package: kvdefinekeys 2016/05/16 v1.4 Define keys (HO)

(/usr/share/texlive/texmf-dist/tex/generic/oberdiek/ltxcmds.sty
Package: ltxcmds 2016/05/16 v1.23 LaTeX kernel commands for general use (HO)
)))
(/usr/share/texlive/texmf-dist/tex/latex/oberdiek/kvoptions.sty
Package: kvoptions 2016/05/16 v3.12 Key value format for package options (HO)

(/usr/share/texlive/texmf-dist/tex/generic/oberdiek/kvsetkeys.sty
Package: kvsetkeys 2016/05/16 v1.17 Key value parser (HO)

(/usr/share/texlive/texmf-dist/tex/generic/oberdiek/etexcmds.sty
Package: etexcmds 2016/05/16 v1.6 Avoid name clashes with e-TeX commands (HO)

(/usr/share/texlive/texmf-dist/tex/generic/oberdiek/ifluatex.sty
Package: ifluatex 2016/05/16 v1.4 Provides the ifluatex switch (HO)
Package ifluatex Info: LuaTeX not detected.
)
Package etexcmds Info: Could not find \expanded.
(etexcmds)             That can mean that you are not using pdfTeX 1.50 or
(etexcmds)             that some package has redefined \expanded.
(etexcmds)             In the latter case, load this package earlier.
)))
(/usr/share/texlive/texmf-dist/tex/generic/oberdiek/pdftexcmds.sty
Package: pdftexcmds 2017/03/19 v0.25 Utility functions of pdfTeX for LuaTeX (HO
)
Package pdftexcmds Info: LuaTeX not detected.
Package pdftexcmds Info: \pdf@primitive is available.
Package pdftexcmds Info: \pdf@ifprimitive is available.
Package pdftexcmds Info: \pdfdraftmode found.
)
Package epstopdf-base Info: Redefining graphics rule for `.eps' on input line 4
38.
Package grfext Info: Graphics extension search list:
(grfext)             [.pdf,.png,.jpg,.mps,.jpeg,.jbig2,.jb2,.PDF,.PNG,.JPG,.JPE
G,.JBIG2,.JB2,.eps]
(grfext)             \AppendGraphicsExtensions on input line 456.

(/usr/share/texlive/texmf-dist/tex/latex/latexconfig/epstopdf-sys.cfg
File: epstopdf-sys.cfg 2010/07/13 v1.3 Configuration of (r)epstopdf for TeX Liv
e
))
<figs/heigold-2013-dnn-c.png, id=1, 973.6375pt x 681.54625pt>
File: figs/heigold-2013-dnn-c.png Graphic file (type png)
<use figs/heigold-2013-dnn-c.png>
Package pdftex.def Info: figs/heigold-2013-dnn-c.png  used on input line 48. on
 input line 48.
Package pdftex.def Info: Requested size: 354.31049pt x 248.01874pt on input lin
e 48.

[1{/var/lib/texmf/fonts/map/pdftex/updmap/pdftex.map}

] [2 <./figs/heigold-2013-dnn-c.png>]

Package natbib Warning: Citation `davis1952automatic' on page 3 undefined on in
put line 71.

<figs/digits.png, id=15, 1572.87625pt x 837.1275pt>
File: figs/digits.png Graphic file (type png)
<use figs/digits.png>
Package pdftex.def Info: figs/digits.png  used on input line 95. on input line 
95.
Package pdftex.def Info: Requested size: 375.14705pt x 199.6629pt on input line
 95.
[3]

Package natbib Warning: Citation `klatt1977' on page 4 undefined on input line 
105.


Package natbib Warning: Citation `bakerDissertation1975' on page 4 undefined on
 input line 105.


Package natbib Warning: Citation `juang2005automatic' on page 4 undefined on in
put line 114.

[4 <./figs/digits.png>]
<figs/harpy-graph.png, id=24, 1636.1125pt x 718.685pt>
File: figs/harpy-graph.png Graphic file (type png)
<use figs/harpy-graph.png>
Package pdftex.def Info: figs/harpy-graph.png  used on input line 144. on input
 line 144.
Package pdftex.def Info: Requested size: 375.14705pt x 164.78963pt on input lin
e 144.
 [5 <./figs/harpy-graph.png>] [6]
<figs/htk-feats.png, id=32, 643.40375pt x 794.97pt>
File: figs/htk-feats.png Graphic file (type png)
<use figs/htk-feats.png>
Package pdftex.def Info: figs/htk-feats.png  used on input line 198. on input l
ine 198.
Package pdftex.def Info: Requested size: 187.57352pt x 231.76054pt on input lin
e 198.
<figs/3-state-hmm.png, id=33, 111.00795pt x 47.46547pt>
File: figs/3-state-hmm.png Graphic file (type png)
<use figs/3-state-hmm.png>
Package pdftex.def Info: figs/3-state-hmm.png  used on input line 209. on input
 line 209.
Package pdftex.def Info: Requested size: 187.57352pt x 80.20927pt on input line
 209.
 [7 <./figs/htk-feats.png> <./figs/3-state-hmm.png>]
<figs/skeleton-hmm.png, id=40, 419.24812pt x 90.74812pt>
File: figs/skeleton-hmm.png Graphic file (type png)
<use figs/skeleton-hmm.png>
Package pdftex.def Info: figs/skeleton-hmm.png  used on input line 221. on inpu
t line 221.
Package pdftex.def Info: Requested size: 375.14705pt x 81.20728pt on input line
 221.
 [8 <./figs/skeleton-hmm.png>]
<figs/flat-start.png, id=48, 419.24812pt x 247.60687pt>
File: figs/flat-start.png Graphic file (type png)
<use figs/flat-start.png>
Package pdftex.def Info: figs/flat-start.png  used on input line 240. on input 
line 240.
Package pdftex.def Info: Requested size: 375.14705pt x 221.57465pt on input lin
e 240.

Overfull \hbox (5.3142pt too wide) in paragraph at lines 240--241
 [] 
 []

[9 <./figs/flat-start.png>]
<figs/htk-tree.png, id=55, 930.47626pt x 873.2625pt>
File: figs/htk-tree.png Graphic file (type png)
<use figs/htk-tree.png>
Package pdftex.def Info: figs/htk-tree.png  used on input line 301. on input li
ne 301.
Package pdftex.def Info: Requested size: 291.78174pt x 273.83992pt on input lin
e 301.
 [10] [11 <./figs/htk-tree.png>] [12]
LaTeX Font Info:    Try loading font information for OMS+cmr on input line 383.


(/usr/share/texlive/texmf-dist/tex/latex/base/omscmr.fd
File: omscmr.fd 2014/09/29 v2.5h Standard LaTeX font definitions
)
LaTeX Font Info:    Font shape `OMS/cmr/m/n' in size <10> not available
(Font)              Font shape `OMS/cmsy/m/n' tried instead on input line 383.
 [13] [14]
<figs/mtl-arch-baseline.png, id=74, 632.3625pt x 681.54625pt>
File: figs/mtl-arch-baseline.png Graphic file (type png)
<use figs/mtl-arch-baseline.png>
Package pdftex.def Info: figs/mtl-arch-baseline.png  used on input line 529. on
 input line 529.
Package pdftex.def Info: Requested size: 137.5556pt x 148.24551pt on input line
 529.
 [15 <./figs/mtl-arch-baseline.png>] [16]
<figs/mtl-arch-voicing.png, id=82, 632.3625pt x 681.54625pt>
File: figs/mtl-arch-voicing.png Graphic file (type png)
<use figs/mtl-arch-voicing.png>
Package pdftex.def Info: figs/mtl-arch-voicing.png  used on input line 661. on 
input line 661.
Package pdftex.def Info: Requested size: 133.38957pt x 143.7633pt on input line
 661.
<figs/mtl-arch-place.png, id=83, 632.3625pt x 681.54625pt>
File: figs/mtl-arch-place.png Graphic file (type png)
<use figs/mtl-arch-place.png>
Package pdftex.def Info: figs/mtl-arch-place.png  used on input line 665. on in
put line 665.
Package pdftex.def Info: Requested size: 133.38957pt x 143.7633pt on input line
 665.
<figs/mtl-arch-manner.png, id=84, 632.3625pt x 681.54625pt>
File: figs/mtl-arch-manner.png Graphic file (type png)
<use figs/mtl-arch-manner.png>
Package pdftex.def Info: figs/mtl-arch-manner.png  used on input line 669. on i
nput line 669.
Package pdftex.def Info: Requested size: 133.38957pt x 143.7633pt on input line
 669.
<figs/mtl-arch-mono.png, id=85, 632.3625pt x 681.54625pt>
File: figs/mtl-arch-mono.png Graphic file (type png)
<use figs/mtl-arch-mono.png>
Package pdftex.def Info: figs/mtl-arch-mono.png  used on input line 707. on inp
ut line 707.
Package pdftex.def Info: Requested size: 133.38957pt x 143.7633pt on input line
 707.
<figs/mtl-arch-halfTri.png, id=86, 632.3625pt x 681.54625pt>
File: figs/mtl-arch-halfTri.png Graphic file (type png)
<use figs/mtl-arch-halfTri.png>
Package pdftex.def Info: figs/mtl-arch-halfTri.png  used on input line 711. on 
input line 711.
Package pdftex.def Info: Requested size: 133.38957pt x 143.7633pt on input line
 711.
<figs/mtl-arch-3QuarterTri.png, id=87, 632.3625pt x 681.54625pt>
File: figs/mtl-arch-3QuarterTri.png Graphic file (type png)
<use figs/mtl-arch-3QuarterTri.png>
Package pdftex.def Info: figs/mtl-arch-3QuarterTri.png  used on input line 715.
 on input line 715.
Package pdftex.def Info: Requested size: 133.38957pt x 143.7633pt on input line
 715.
 [17 <./figs/mtl-arch-voicing.png> <./figs/mtl-arch-place.png> <./figs/mtl-arch
-manner.png>]
<figs/mtl-arch-kMeans.png, id=94, 632.3625pt x 681.54625pt>
File: figs/mtl-arch-kMeans.png Graphic file (type png)
<use figs/mtl-arch-kMeans.png>
Package pdftex.def Info: figs/mtl-arch-kMeans.png  used on input line 751. on i
nput line 751.
Package pdftex.def Info: Requested size: 133.38957pt x 143.7633pt on input line
 751.
<figs/mtl-arch-forest.png, id=95, 632.3625pt x 681.54625pt>
File: figs/mtl-arch-forest.png Graphic file (type png)
<use figs/mtl-arch-forest.png>
Package pdftex.def Info: figs/mtl-arch-forest.png  used on input line 755. on i
nput line 755.
Package pdftex.def Info: Requested size: 133.38957pt x 143.7633pt on input line
 755.
<figs/mtl-arch-resampled.png, id=96, 632.3625pt x 681.54625pt>
File: figs/mtl-arch-resampled.png Graphic file (type png)
<use figs/mtl-arch-resampled.png>
Package pdftex.def Info: figs/mtl-arch-resampled.png  used on input line 759. o
n input line 759.
Package pdftex.def Info: Requested size: 133.38957pt x 143.7633pt on input line
 759.


Package natbib Warning: There were undefined citations.

[18 <./figs/mtl-arch-mono.png> <./figs/mtl-arch-halfTri.png> <./figs/mtl-arch-3
QuarterTri.png>] [19 <./figs/mtl-arch-kMeans.png> <./figs/mtl-arch-forest.png> 
<./figs/mtl-arch-resampled.png>] (./prospectus.aux)

LaTeX Warning: There were multiply-defined labels.

 ) 
Here is how much of TeX's memory you used:
 4557 strings out of 492990
 64876 string characters out of 6135005
 142034 words of memory out of 5000000
 8009 multiletter control sequences out of 15000+600000
 6726 words of font info for 25 fonts, out of 8000000 for 9000
 1141 hyphenation exceptions out of 8191
 41i,10n,43p,993b,482s stack positions out of 5000i,500n,10000p,200000b,80000s
</usr/share/texlive/texmf-dist/fonts/type1/public/amsfonts/cm/cmbx10.pfb></us
r/share/texlive/texmf-dist/fonts/type1/public/amsfonts/cm/cmbx12.pfb></usr/shar
e/texlive/texmf-dist/fonts/type1/public/amsfonts/cm/cmcsc10.pfb></usr/share/tex
live/texmf-dist/fonts/type1/public/amsfonts/cm/cmmi10.pfb></usr/share/texlive/t
exmf-dist/fonts/type1/public/amsfonts/cm/cmr10.pfb></usr/share/texlive/texmf-di
st/fonts/type1/public/amsfonts/cm/cmr7.pfb></usr/share/texlive/texmf-dist/fonts
/type1/public/amsfonts/cm/cmr8.pfb></usr/share/texlive/texmf-dist/fonts/type1/p
ublic/amsfonts/cm/cmsy10.pfb></usr/share/texlive/texmf-dist/fonts/type1/public/
amsfonts/cm/cmti10.pfb></usr/share/texlive/texmf-dist/fonts/type1/public/amsfon
ts/cm/cmtt10.pfb>
Output written on prospectus.pdf (19 pages, 905643 bytes).
PDF statistics:
 143 PDF objects out of 1000 (max. 8388607)
 75 compressed objects within 1 object stream
 0 named destinations out of 1000 (max. 500000)
 91 words of extra memory for PDF output out of 10000 (max. 10000000)

